# JRE version: Java(TM) SE Runtime Environment (8.0_202-b08) (build 1.8.0_202-b08)
# Java VM: Java HotSpot(TM) 64-Bit Server VM (25.202-b08 mixed mode windows-amd64 compressed oops)
Heap:
 PSYoungGen      total 680960K, used 345795K [0x00000000d5580000, 0x0000000100000000, 0x0000000100000000)
  eden space 664576K, 52% used [0x00000000d5580000,0x00000000ea730ed8,0x00000000fde80000)
  from space 16384K, 0% used [0x00000000fde80000,0x00000000fde80000,0x00000000fee80000)
  to   space 17920K, 0% used [0x00000000fee80000,0x00000000fee80000,0x0000000100000000)
 ParOldGen       total 277504K, used 78100K [0x0000000080000000, 0x0000000090f00000, 0x00000000d5580000)
  object space 277504K, 28% used [0x0000000080000000,0x0000000084c45158,0x0000000090f00000)
 Metaspace       used 70588K, capacity 72378K, committed 72960K, reserved 1112064K
  class space    used 8962K, capacity 9377K, committed 9472K, reserved 1048576K
GC Heap History (10 events):
Event: 14.851 GC heap before
{Heap before GC invocations=30 (full 1):
 PSYoungGen      total 680960K, used 670001K [0x00000000d5580000, 0x00000000fff80000, 0x0000000100000000)
  eden space 663552K, 100% used [0x00000000d5580000,0x00000000fdd80000,0x00000000fdd80000)
  from space 17408K, 37% used [0x00000000fee80000,0x00000000ff4cc680,0x00000000fff80000)
  to   space 17408K, 0% used [0x00000000fdd80000,0x00000000fdd80000,0x00000000fee80000)
 ParOldGen       total 101888K, used 47429K [0x0000000080000000, 0x0000000086380000, 0x00000000d5580000)
  object space 101888K, 46% used [0x0000000080000000,0x0000000082e51750,0x0000000086380000)
 Metaspace       used 33857K, capacity 35122K, committed 35456K, reserved 1079296K
  class space    used 4593K, capacity 4883K, committed 4992K, reserved 1048576K
Event: 14.858 GC heap after
Heap after GC invocations=30 (full 1):
 PSYoungGen      total 680960K, used 6801K [0x00000000d5580000, 0x00000000fff00000, 0x0000000100000000)
  eden space 663552K, 0% used [0x00000000d5580000,0x00000000d5580000,0x00000000fdd80000)
  from space 17408K, 39% used [0x00000000fdd80000,0x00000000fe4244a8,0x00000000fee80000)
  to   space 16896K, 0% used [0x00000000fee80000,0x00000000fee80000,0x00000000fff00000)
 ParOldGen       total 101888K, used 47878K [0x0000000080000000, 0x0000000086380000, 0x00000000d5580000)
  object space 101888K, 46% used [0x0000000080000000,0x0000000082ec1bc8,0x0000000086380000)
 Metaspace       used 33857K, capacity 35122K, committed 35456K, reserved 1079296K
  class space    used 4593K, capacity 4883K, committed 4992K, reserved 1048576K
}
Event: 15.333 GC heap before
{Heap before GC invocations=31 (full 1):
 PSYoungGen      total 680960K, used 573426K [0x00000000d5580000, 0x00000000fff00000, 0x0000000100000000)
  eden space 663552K, 85% used [0x00000000d5580000,0x00000000f7ed8518,0x00000000fdd80000)
  from space 17408K, 39% used [0x00000000fdd80000,0x00000000fe4244a8,0x00000000fee80000)
  to   space 16896K, 0% used [0x00000000fee80000,0x00000000fee80000,0x00000000fff00000)
 ParOldGen       total 101888K, used 47878K [0x0000000080000000, 0x0000000086380000, 0x00000000d5580000)
  object space 101888K, 46% used [0x0000000080000000,0x0000000082ec1bc8,0x0000000086380000)
 Metaspace       used 34040K, capacity 35250K, committed 35456K, reserved 1079296K
  class space    used 4611K, capacity 4883K, committed 4992K, reserved 1048576K
Event: 15.337 GC heap after
Heap after GC invocations=31 (full 1):
 PSYoungGen      total 680960K, used 8418K [0x00000000d5580000, 0x00000000ffe80000, 0x0000000100000000)
  eden space 664576K, 0% used [0x00000000d5580000,0x00000000d5580000,0x00000000fde80000)
  from space 16384K, 51% used [0x00000000fee80000,0x00000000ff6b8988,0x00000000ffe80000)
  to   space 16384K, 0% used [0x00000000fde80000,0x00000000fde80000,0x00000000fee80000)
 ParOldGen       total 101888K, used 48285K [0x0000000080000000, 0x0000000086380000, 0x00000000d5580000)
  object space 101888K, 47% used [0x0000000080000000,0x0000000082f27740,0x0000000086380000)
 Metaspace       used 34040K, capacity 35250K, committed 35456K, reserved 1079296K
  class space    used 4611K, capacity 4883K, committed 4992K, reserved 1048576K
}
Event: 15.338 GC heap before
{Heap before GC invocations=32 (full 2):
 PSYoungGen      total 680960K, used 8418K [0x00000000d5580000, 0x00000000ffe80000, 0x0000000100000000)
  eden space 664576K, 0% used [0x00000000d5580000,0x00000000d5580000,0x00000000fde80000)
  from space 16384K, 51% used [0x00000000fee80000,0x00000000ff6b8988,0x00000000ffe80000)
  to   space 16384K, 0% used [0x00000000fde80000,0x00000000fde80000,0x00000000fee80000)
 ParOldGen       total 101888K, used 48285K [0x0000000080000000, 0x0000000086380000, 0x00000000d5580000)
  object space 101888K, 47% used [0x0000000080000000,0x0000000082f27740,0x0000000086380000)
 Metaspace       used 34040K, capacity 35250K, committed 35456K, reserved 1079296K
  class space    used 4611K, capacity 4883K, committed 4992K, reserved 1048576K
Event: 15.369 GC heap after
Heap after GC invocations=32 (full 2):
 PSYoungGen      total 680960K, used 0K [0x00000000d5580000, 0x00000000ffe80000, 0x0000000100000000)
  eden space 664576K, 0% used [0x00000000d5580000,0x00000000d5580000,0x00000000fde80000)
  from space 16384K, 0% used [0x00000000fee80000,0x00000000fee80000,0x00000000ffe80000)
  to   space 16384K, 0% used [0x00000000fde80000,0x00000000fde80000,0x00000000fee80000)
 ParOldGen       total 148992K, used 18650K [0x0000000080000000, 0x0000000089180000, 0x00000000d5580000)
  object space 148992K, 12% used [0x0000000080000000,0x0000000081236b68,0x0000000089180000)
 Metaspace       used 34040K, capacity 35250K, committed 35456K, reserved 1079296K
  class space    used 4611K, capacity 4883K, committed 4992K, reserved 1048576K
}
Event: 17.532 GC heap before
{Heap before GC invocations=33 (full 2):
 PSYoungGen      total 680960K, used 527855K [0x00000000d5580000, 0x00000000ffe80000, 0x0000000100000000)
  eden space 664576K, 79% used [0x00000000d5580000,0x00000000f58fbf60,0x00000000fde80000)
  from space 16384K, 0% used [0x00000000fee80000,0x00000000fee80000,0x00000000ffe80000)
  to   space 16384K, 0% used [0x00000000fde80000,0x00000000fde80000,0x00000000fee80000)
 ParOldGen       total 148992K, used 18650K [0x0000000080000000, 0x0000000089180000, 0x00000000d5580000)
  object space 148992K, 12% used [0x0000000080000000,0x0000000081236b68,0x0000000089180000)
 Metaspace       used 57340K, capacity 58864K, committed 59096K, reserved 1099776K
  class space    used 7702K, capacity 8062K, committed 8064K, reserved 1048576K
Event: 17.568 GC heap after
Heap after GC invocations=33 (full 2):
 PSYoungGen      total 680960K, used 16377K [0x00000000d5580000, 0x0000000100000000, 0x0000000100000000)
  eden space 664576K, 0% used [0x00000000d5580000,0x00000000d5580000,0x00000000fde80000)
  from space 16384K, 99% used [0x00000000fde80000,0x00000000fee7e7e8,0x00000000fee80000)
  to   space 17920K, 0% used [0x00000000fee80000,0x00000000fee80000,0x0000000100000000)
 ParOldGen       total 148992K, used 69637K [0x0000000080000000, 0x0000000089180000, 0x00000000d5580000)
  object space 148992K, 46% used [0x0000000080000000,0x00000000844017f0,0x0000000089180000)
 Metaspace       used 57340K, capacity 58864K, committed 59096K, reserved 1099776K
  class space    used 7702K, capacity 8062K, committed 8064K, reserved 1048576K
}
Event: 17.568 GC heap before
{Heap before GC invocations=34 (full 3):
 PSYoungGen      total 680960K, used 16377K [0x00000000d5580000, 0x0000000100000000, 0x0000000100000000)
  eden space 664576K, 0% used [0x00000000d5580000,0x00000000d5580000,0x00000000fde80000)
  from space 16384K, 99% used [0x00000000fde80000,0x00000000fee7e7e8,0x00000000fee80000)
  to   space 17920K, 0% used [0x00000000fee80000,0x00000000fee80000,0x0000000100000000)
 ParOldGen       total 148992K, used 69637K [0x0000000080000000, 0x0000000089180000, 0x00000000d5580000)
  object space 148992K, 46% used [0x0000000080000000,0x00000000844017f0,0x0000000089180000)
 Metaspace       used 57340K, capacity 58864K, committed 59096K, reserved 1099776K
  class space    used 7702K, capacity 8062K, committed 8064K, reserved 1048576K
Event: 17.716 GC heap after
Heap after GC invocations=34 (full 3):
 PSYoungGen      total 680960K, used 0K [0x00000000d5580000, 0x0000000100000000, 0x0000000100000000)
  eden space 664576K, 0% used [0x00000000d5580000,0x00000000d5580000,0x00000000fde80000)
  from space 16384K, 0% used [0x00000000fde80000,0x00000000fde80000,0x00000000fee80000)
  to   space 17920K, 0% used [0x00000000fee80000,0x00000000fee80000,0x0000000100000000)
 ParOldGen       total 277504K, used 78100K [0x0000000080000000, 0x0000000090f00000, 0x00000000d5580000)
  object space 277504K, 28% used [0x0000000080000000,0x0000000084c45158,0x0000000090f00000)
 Metaspace       used 57340K, capacity 58864K, committed 59096K, reserved 1099776K
  class space    used 7702K, capacity 8062K, committed 8064K, reserved 1048576K
}

